<?xml version="1.0" encoding="UTF-8"?>
<!-- Generated by org.testng.reporters.JUnitReportReporter -->
<testsuite hostname="DESKTOP-MTSANMA" failures="0" tests="1" name="com.appium.test.TestAppium" time="0.003" errors="0" timestamp="2021-07-04T22:24:43 IST" skipped="0">
  <testcase classname="com.appium.test.TestAppium" name="test" time="0.003"/>
  <system-out/>
</testsuite> <!-- com.appium.test.TestAppium -->
